[debug] [2022-10-11T04:00:39.153Z] ----------------------------------------------------------------------
[debug] [2022-10-11T04:00:39.211Z] Command:       C:\Users\MARSH\Desktop\flutter\firebase-tools-instant-win.exe C:\Users\MARSH\.cache\firebase\tools\lib\node_modules\firebase-tools\lib\bin\firebase deploy
[debug] [2022-10-11T04:00:39.212Z] CLI Version:   11.14.1
[debug] [2022-10-11T04:00:39.212Z] Platform:      win32
[debug] [2022-10-11T04:00:39.212Z] Node Version:  v16.16.0
[debug] [2022-10-11T04:00:40.243Z] Time:          Tue Oct 11 2022 05:00:39 GMT+0100 (West Africa Standard Time)
[debug] [2022-10-11T04:00:40.243Z] ----------------------------------------------------------------------
[debug] 
[debug] [2022-10-11T04:00:41.007Z] > refreshing access token with scopes: []
[debug] [2022-10-11T04:00:41.011Z] >>> [apiv2][query] POST https://www.googleapis.com/oauth2/v3/token [none]
[debug] [2022-10-11T04:00:41.011Z] >>> [apiv2][body] POST https://www.googleapis.com/oauth2/v3/token [omitted]
[debug] [2022-10-11T04:00:49.312Z] <<< [apiv2][status] POST https://www.googleapis.com/oauth2/v3/token 200
[debug] [2022-10-11T04:00:49.312Z] <<< [apiv2][body] POST https://www.googleapis.com/oauth2/v3/token [omitted]
[debug] [2022-10-11T04:00:49.563Z] >>> [apiv2][query] GET https://firebase.googleapis.com/v1beta1/projects/undefined [none]
[debug] [2022-10-11T04:00:50.509Z] <<< [apiv2][status] GET https://firebase.googleapis.com/v1beta1/projects/undefined 403
[debug] [2022-10-11T04:00:50.509Z] <<< [apiv2][body] GET https://firebase.googleapis.com/v1beta1/projects/undefined {"error":{"code":403,"message":"The caller does not have permission","status":"PERMISSION_DENIED"}}
[debug] [2022-10-11T04:00:50.511Z] HTTP Error: 403, The caller does not have permission
[debug] [2022-10-11T04:00:50.893Z] FirebaseError: HTTP Error: 403, The caller does not have permission
    at responseToError (C:\Users\MARSH\.cache\firebase\tools\lib\node_modules\firebase-tools\lib\responseToError.js:49:12)
    at RetryOperation._fn (C:\Users\MARSH\.cache\firebase\tools\lib\node_modules\firebase-tools\lib\apiv2.js:288:77)
    at processTicksAndRejections (node:internal/process/task_queues:96:5)
[error] 
[error] Error: Failed to get Firebase project undefined. Please make sure the project exists and your account has permission to access it.
